<?xml version="1.0" encoding="UTF-8"?>
<testsuite name="org.isnumber.NumberValidatorTest" tests="3" skipped="0" failures="0" errors="0" timestamp="2023-03-14T18:05:47" hostname="Victor-Bendig-MacBook-Pro.local" time="0.034">
  <properties/>
  <testcase name="testNumberWithMultipleDigit()" classname="org.isnumber.NumberValidatorTest" time="0.026"/>
  <testcase name="testValidNumbers()" classname="org.isnumber.NumberValidatorTest" time="0.002"/>
  <testcase name="testNumberWith1Digit()" classname="org.isnumber.NumberValidatorTest" time="0.002"/>
  <system-out><![CDATA[]]></system-out>
  <system-err><![CDATA[]]></system-err>
</testsuite>
